# JRE version: OpenJDK Runtime Environment (8.0_76-b03) (build 1.8.0_76-release-b03)
# Java VM: OpenJDK 64-Bit Server VM (25.76-b03 mixed mode windows-amd64 compressed oops)
Heap:
 PSYoungGen      total 451072K, used 340773K [0x00000000e0000000, 0x0000000100000000, 0x0000000100000000)
  eden space 377344K, 80% used [0x00000000e0000000,0x00000000f28b42d8,0x00000000f7080000)
  from space 73728K, 50% used [0x00000000fb800000,0x00000000fdc15448,0x0000000100000000)
  to   space 73216K, 0% used [0x00000000f7080000,0x00000000f7080000,0x00000000fb800000)
 ParOldGen       total 164352K, used 82105K [0x00000000a0000000, 0x00000000aa080000, 0x00000000e0000000)
  object space 164352K, 49% used [0x00000000a0000000,0x00000000a502e438,0x00000000aa080000)
 Metaspace       used 83899K, capacity 88794K, committed 88880K, reserved 1126400K
  class space    used 10350K, capacity 11032K, committed 11056K, reserved 1048576K
GC Heap History (10 events):
Event: 2782.575 GC heap before
{Heap before GC invocations=60 (full 12):
 PSYoungGen      total 445440K, used 128K [0x00000000e0000000, 0x00000000ff900000, 0x0000000100000000)
  eden space 373760K, 0% used [0x00000000e0000000,0x00000000e0000000,0x00000000f6d00000)
  from space 71680K, 0% used [0x00000000fb300000,0x00000000fb320000,0x00000000ff900000)
  to   space 71680K, 0% used [0x00000000f6d00000,0x00000000f6d00000,0x00000000fb300000)
 ParOldGen       total 164352K, used 49382K [0x00000000a0000000, 0x00000000aa080000, 0x00000000e0000000)
  object space 164352K, 30% used [0x00000000a0000000,0x00000000a3039878,0x00000000aa080000)
 Metaspace       used 83356K, capacity 88174K, committed 88368K, reserved 1126400K
  class space    used 10288K, capacity 10942K, committed 11056K, reserved 1048576K
Event: 2783.428 GC heap after
Heap after GC invocations=60 (full 12):
 PSYoungGen      total 445440K, used 0K [0x00000000e0000000, 0x00000000ff900000, 0x0000000100000000)
  eden space 373760K, 0% used [0x00000000e0000000,0x00000000e0000000,0x00000000f6d00000)
  from space 71680K, 0% used [0x00000000fb300000,0x00000000fb300000,0x00000000ff900000)
  to   space 71680K, 0% used [0x00000000f6d00000,0x00000000f6d00000,0x00000000fb300000)
 ParOldGen       total 164352K, used 45557K [0x00000000a0000000, 0x00000000aa080000, 0x00000000e0000000)
  object space 164352K, 27% used [0x00000000a0000000,0x00000000a2c7d480,0x00000000aa080000)
 Metaspace       used 83356K, capacity 88174K, committed 88368K, reserved 1126400K
  class space    used 10288K, capacity 10942K, committed 11056K, reserved 1048576K
}
Event: 2824.900 GC heap before
{Heap before GC invocations=61 (full 12):
 PSYoungGen      total 445440K, used 373760K [0x00000000e0000000, 0x00000000ff900000, 0x0000000100000000)
  eden space 373760K, 100% used [0x00000000e0000000,0x00000000f6d00000,0x00000000f6d00000)
  from space 71680K, 0% used [0x00000000fb300000,0x00000000fb300000,0x00000000ff900000)
  to   space 71680K, 0% used [0x00000000f6d00000,0x00000000f6d00000,0x00000000fb300000)
 ParOldGen       total 164352K, used 45557K [0x00000000a0000000, 0x00000000aa080000, 0x00000000e0000000)
  object space 164352K, 27% used [0x00000000a0000000,0x00000000a2c7d480,0x00000000aa080000)
 Metaspace       used 83553K, capacity 88444K, committed 88624K, reserved 1126400K
  class space    used 10300K, capacity 10959K, committed 11056K, reserved 1048576K
Event: 2824.923 GC heap after
Heap after GC invocations=61 (full 12):
 PSYoungGen      total 445440K, used 7616K [0x00000000e0000000, 0x00000000ffb00000, 0x0000000100000000)
  eden space 373760K, 0% used [0x00000000e0000000,0x00000000e0000000,0x00000000f6d00000)
  from space 71680K, 10% used [0x00000000f6d00000,0x00000000f7470000,0x00000000fb300000)
  to   space 69120K, 0% used [0x00000000fb780000,0x00000000fb780000,0x00000000ffb00000)
 ParOldGen       total 164352K, used 45565K [0x00000000a0000000, 0x00000000aa080000, 0x00000000e0000000)
  object space 164352K, 27% used [0x00000000a0000000,0x00000000a2c7f480,0x00000000aa080000)
 Metaspace       used 83553K, capacity 88444K, committed 88624K, reserved 1126400K
  class space    used 10300K, capacity 10959K, committed 11056K, reserved 1048576K
}
Event: 2827.067 GC heap before
{Heap before GC invocations=62 (full 12):
 PSYoungGen      total 445440K, used 381376K [0x00000000e0000000, 0x00000000ffb00000, 0x0000000100000000)
  eden space 373760K, 100% used [0x00000000e0000000,0x00000000f6d00000,0x00000000f6d00000)
  from space 71680K, 10% used [0x00000000f6d00000,0x00000000f7470000,0x00000000fb300000)
  to   space 69120K, 0% used [0x00000000fb780000,0x00000000fb780000,0x00000000ffb00000)
 ParOldGen       total 164352K, used 45565K [0x00000000a0000000, 0x00000000aa080000, 0x00000000e0000000)
  object space 164352K, 27% used [0x00000000a0000000,0x00000000a2c7f480,0x00000000aa080000)
 Metaspace       used 83881K, capacity 88794K, committed 88880K, reserved 1126400K
  class space    used 10349K, capacity 11032K, committed 11056K, reserved 1048576K
Event: 2827.101 GC heap after
Heap after GC invocations=62 (full 12):
 PSYoungGen      total 448000K, used 14545K [0x00000000e0000000, 0x00000000ff680000, 0x0000000100000000)
  eden space 383488K, 0% used [0x00000000e0000000,0x00000000e0000000,0x00000000f7680000)
  from space 64512K, 22% used [0x00000000fb780000,0x00000000fc5b4740,0x00000000ff680000)
  to   space 65536K, 0% used [0x00000000f7680000,0x00000000f7680000,0x00000000fb680000)
 ParOldGen       total 164352K, used 50066K [0x00000000a0000000, 0x00000000aa080000, 0x00000000e0000000)
  object space 164352K, 30% used [0x00000000a0000000,0x00000000a30e4b50,0x00000000aa080000)
 Metaspace       used 83881K, capacity 88794K, committed 88880K, reserved 1126400K
  class space    used 10349K, capacity 11032K, committed 11056K, reserved 1048576K
}
Event: 2827.828 GC heap before
{Heap before GC invocations=63 (full 12):
 PSYoungGen      total 448000K, used 398033K [0x00000000e0000000, 0x00000000ff680000, 0x0000000100000000)
  eden space 383488K, 100% used [0x00000000e0000000,0x00000000f7680000,0x00000000f7680000)
  from space 64512K, 22% used [0x00000000fb780000,0x00000000fc5b4740,0x00000000ff680000)
  to   space 65536K, 0% used [0x00000000f7680000,0x00000000f7680000,0x00000000fb680000)
 ParOldGen       total 164352K, used 50066K [0x00000000a0000000, 0x00000000aa080000, 0x00000000e0000000)
  object space 164352K, 30% used [0x00000000a0000000,0x00000000a30e4b50,0x00000000aa080000)
 Metaspace       used 83885K, capacity 88794K, committed 88880K, reserved 1126400K
  class space    used 10349K, capacity 11032K, committed 11056K, reserved 1048576K
Event: 2827.904 GC heap after
Heap after GC invocations=63 (full 12):
 PSYoungGen      total 449024K, used 54101K [0x00000000e0000000, 0x0000000100000000, 0x0000000100000000)
  eden space 383488K, 0% used [0x00000000e0000000,0x00000000e0000000,0x00000000f7680000)
  from space 65536K, 82% used [0x00000000f7680000,0x00000000fab557f8,0x00000000fb680000)
  to   space 73728K, 0% used [0x00000000fb800000,0x00000000fb800000,0x0000000100000000)
 ParOldGen       total 164352K, used 59400K [0x00000000a0000000, 0x00000000aa080000, 0x00000000e0000000)
  object space 164352K, 36% used [0x00000000a0000000,0x00000000a3a02110,0x00000000aa080000)
 Metaspace       used 83885K, capacity 88794K, committed 88880K, reserved 1126400K
  class space    used 10349K, capacity 11032K, committed 11056K, reserved 1048576K
}
Event: 2828.813 GC heap before
{Heap before GC invocations=64 (full 12):
 PSYoungGen      total 449024K, used 437589K [0x00000000e0000000, 0x0000000100000000, 0x0000000100000000)
  eden space 383488K, 100% used [0x00000000e0000000,0x00000000f7680000,0x00000000f7680000)
  from space 65536K, 82% used [0x00000000f7680000,0x00000000fab557f8,0x00000000fb680000)
  to   space 73728K, 0% used [0x00000000fb800000,0x00000000fb800000,0x0000000100000000)
 ParOldGen       total 164352K, used 59400K [0x00000000a0000000, 0x00000000aa080000, 0x00000000e0000000)
  object space 164352K, 36% used [0x00000000a0000000,0x00000000a3a02110,0x00000000aa080000)
 Metaspace       used 83896K, capacity 88794K, committed 88880K, reserved 1126400K
  class space    used 10349K, capacity 11032K, committed 11056K, reserved 1048576K
Event: 2828.907 GC heap after
Heap after GC invocations=64 (full 12):
 PSYoungGen      total 451072K, used 36949K [0x00000000e0000000, 0x0000000100000000, 0x0000000100000000)
  eden space 377344K, 0% used [0x00000000e0000000,0x00000000e0000000,0x00000000f7080000)
  from space 73728K, 50% used [0x00000000fb800000,0x00000000fdc15448,0x0000000100000000)
  to   space 73216K, 0% used [0x00000000f7080000,0x00000000f7080000,0x00000000fb800000)
 ParOldGen       total 164352K, used 82105K [0x00000000a0000000, 0x00000000aa080000, 0x00000000e0000000)
  object space 164352K, 49% used [0x00000000a0000000,0x00000000a502e438,0x00000000aa080000)
 Metaspace       used 83896K, capacity 88794K, committed 88880K, reserved 1126400K
  class space    used 10349K, capacity 11032K, committed 11056K, reserved 1048576K
}

